

Microchip MPLAB XC8 Assembler V2.36 build 20220127204148 
                                                                                               Sun Aug 28 00:34:20 2022

Microchip MPLAB XC8 C Compiler v2.36 (Free license) build 20220127204148 Og1 
     1                           	processor	16F877A
     2                           	pagewidth 120
     3                           	opt	flic
     4                           	psect	cinit,global,class=CODE,merge=1,delta=2
     5                           	psect	cstackCOMMON,global,class=COMMON,space=1,delta=1,noexec
     6                           	psect	maintext,global,class=CODE,split=1,delta=2
     7                           	psect	text1,local,class=CODE,merge=1,delta=2
     8                           	psect	text2,local,class=CODE,merge=1,delta=2
     9                           	psect	text3,local,class=CODE,merge=1,delta=2
    10                           	psect	text4,local,class=CODE,merge=1,delta=2
    11                           	psect	text5,local,class=CODE,merge=1,delta=2
    12                           	psect	text6,local,class=CODE,merge=1,delta=2
    13                           	psect	text7,local,class=CODE,merge=1,delta=2
    14                           	psect	idloc,global,abs,ovrld,class=IDLOC,space=5,delta=2,noexec
    15                           	psect	config,global,abs,ovrld,class=CONFIG,space=4,delta=2,noexec
    16                           	dabs	1,0x7E,2
    17  0000                     
    18                           ; Version 2.40
    19                           ; Generated 17/11/2021 GMT
    20                           ; 
    21                           ; Copyright © 2021, Microchip Technology Inc. and its subsidiaries ("Microchip")
    22                           ; All rights reserved.
    23                           ; 
    24                           ; This software is developed by Microchip Technology Inc. and its subsidiaries ("Microch
      +                          ip").
    25                           ; 
    26                           ; Redistribution and use in source and binary forms, with or without modification, are
    27                           ; permitted provided that the following conditions are met:
    28                           ; 
    29                           ;     1. Redistributions of source code must retain the above copyright notice, this lis
      +                          t of
    30                           ;        conditions and the following disclaimer.
    31                           ; 
    32                           ;     2. Redistributions in binary form must reproduce the above copyright notice, this 
      +                          list
    33                           ;        of conditions and the following disclaimer in the documentation and/or other
    34                           ;        materials provided with the distribution. Publication is not required when
    35                           ;        this file is used in an embedded application.
    36                           ; 
    37                           ;     3. Microchip's name may not be used to endorse or promote products derived from th
      +                          is
    38                           ;        software without specific prior written permission.
    39                           ; 
    40                           ; THIS SOFTWARE IS PROVIDED BY MICROCHIP "AS IS" AND ANY EXPRESS OR IMPLIED WARRANTIES,
    41                           ; INCLUDING, BUT NOT LIMITED TO, THE IMPLIED WARRANTIES OF MERCHANTABILITY AND FITNESS F
      +                          OR
    42                           ; PURPOSE ARE DISCLAIMED.  IN NO EVENT SHALL MICROCHIP BE LIABLE FOR ANY DIRECT, INDIREC
      +                          T,
    43                           ; INCIDENTAL, SPECIAL, EXEMPLARY, OR CONSEQUENTIAL DAMAGES (INCLUDING BUT NOT LIMITED TO
    44                           ; PROCUREMENT OF SUBSTITUTE GOODS OR SERVICES; LOSS OF USE, DATA OR PROFITS; OR BUSINESS
    45                           ; INTERRUPTION) HOWSOEVER CAUSED AND ON ANY THEORY OF LIABILITY, WHETHER IN CONTRACT, ST
      +                          RICT
    46                           ; LIABILITY, OR TORT (INCLUDING NEGLIGENCE OR OTHERWISE) ARISING IN ANY WAY OUT OF THE U
      +                          SE OF
    47                           ; THIS SOFTWARE, EVEN IF ADVISED OF THE POSSIBILITY OF SUCH DAMAGE.
    48                           ; 
    49                           ; 
    50                           ; Code-generator required, PIC16F877A Definitions
    51                           ; 
    52                           ; SFR Addresses
    53  0000                     	;# 
    54  0001                     	;# 
    55  0002                     	;# 
    56  0003                     	;# 
    57  0004                     	;# 
    58  0005                     	;# 
    59  0006                     	;# 
    60  0007                     	;# 
    61  0008                     	;# 
    62  0009                     	;# 
    63  000A                     	;# 
    64  000B                     	;# 
    65  000C                     	;# 
    66  000D                     	;# 
    67  000E                     	;# 
    68  000E                     	;# 
    69  000F                     	;# 
    70  0010                     	;# 
    71  0011                     	;# 
    72  0012                     	;# 
    73  0013                     	;# 
    74  0014                     	;# 
    75  0015                     	;# 
    76  0015                     	;# 
    77  0016                     	;# 
    78  0017                     	;# 
    79  0018                     	;# 
    80  0019                     	;# 
    81  001A                     	;# 
    82  001B                     	;# 
    83  001B                     	;# 
    84  001C                     	;# 
    85  001D                     	;# 
    86  001E                     	;# 
    87  001F                     	;# 
    88  0081                     	;# 
    89  0085                     	;# 
    90  0086                     	;# 
    91  0087                     	;# 
    92  0088                     	;# 
    93  0089                     	;# 
    94  008C                     	;# 
    95  008D                     	;# 
    96  008E                     	;# 
    97  0091                     	;# 
    98  0092                     	;# 
    99  0093                     	;# 
   100  0094                     	;# 
   101  0098                     	;# 
   102  0099                     	;# 
   103  009C                     	;# 
   104  009D                     	;# 
   105  009E                     	;# 
   106  009F                     	;# 
   107  010C                     	;# 
   108  010D                     	;# 
   109  010E                     	;# 
   110  010F                     	;# 
   111  018C                     	;# 
   112  018D                     	;# 
   113  0000                     	;# 
   114  0001                     	;# 
   115  0002                     	;# 
   116  0003                     	;# 
   117  0004                     	;# 
   118  0005                     	;# 
   119  0006                     	;# 
   120  0007                     	;# 
   121  0008                     	;# 
   122  0009                     	;# 
   123  000A                     	;# 
   124  000B                     	;# 
   125  000C                     	;# 
   126  000D                     	;# 
   127  000E                     	;# 
   128  000E                     	;# 
   129  000F                     	;# 
   130  0010                     	;# 
   131  0011                     	;# 
   132  0012                     	;# 
   133  0013                     	;# 
   134  0014                     	;# 
   135  0015                     	;# 
   136  0015                     	;# 
   137  0016                     	;# 
   138  0017                     	;# 
   139  0018                     	;# 
   140  0019                     	;# 
   141  001A                     	;# 
   142  001B                     	;# 
   143  001B                     	;# 
   144  001C                     	;# 
   145  001D                     	;# 
   146  001E                     	;# 
   147  001F                     	;# 
   148  0081                     	;# 
   149  0085                     	;# 
   150  0086                     	;# 
   151  0087                     	;# 
   152  0088                     	;# 
   153  0089                     	;# 
   154  008C                     	;# 
   155  008D                     	;# 
   156  008E                     	;# 
   157  0091                     	;# 
   158  0092                     	;# 
   159  0093                     	;# 
   160  0094                     	;# 
   161  0098                     	;# 
   162  0099                     	;# 
   163  009C                     	;# 
   164  009D                     	;# 
   165  009E                     	;# 
   166  009F                     	;# 
   167  010C                     	;# 
   168  010D                     	;# 
   169  010E                     	;# 
   170  010F                     	;# 
   171  018C                     	;# 
   172  018D                     	;# 
   173  0000                     	;# 
   174  0001                     	;# 
   175  0002                     	;# 
   176  0003                     	;# 
   177  0004                     	;# 
   178  0005                     	;# 
   179  0006                     	;# 
   180  0007                     	;# 
   181  0008                     	;# 
   182  0009                     	;# 
   183  000A                     	;# 
   184  000B                     	;# 
   185  000C                     	;# 
   186  000D                     	;# 
   187  000E                     	;# 
   188  000E                     	;# 
   189  000F                     	;# 
   190  0010                     	;# 
   191  0011                     	;# 
   192  0012                     	;# 
   193  0013                     	;# 
   194  0014                     	;# 
   195  0015                     	;# 
   196  0015                     	;# 
   197  0016                     	;# 
   198  0017                     	;# 
   199  0018                     	;# 
   200  0019                     	;# 
   201  001A                     	;# 
   202  001B                     	;# 
   203  001B                     	;# 
   204  001C                     	;# 
   205  001D                     	;# 
   206  001E                     	;# 
   207  001F                     	;# 
   208  0081                     	;# 
   209  0085                     	;# 
   210  0086                     	;# 
   211  0087                     	;# 
   212  0088                     	;# 
   213  0089                     	;# 
   214  008C                     	;# 
   215  008D                     	;# 
   216  008E                     	;# 
   217  0091                     	;# 
   218  0092                     	;# 
   219  0093                     	;# 
   220  0094                     	;# 
   221  0098                     	;# 
   222  0099                     	;# 
   223  009C                     	;# 
   224  009D                     	;# 
   225  009E                     	;# 
   226  009F                     	;# 
   227  010C                     	;# 
   228  010D                     	;# 
   229  010E                     	;# 
   230  010F                     	;# 
   231  018C                     	;# 
   232  018D                     	;# 
   233  0008                     _PORTD	set	8
   234  0013                     _SSPBUF	set	19
   235  0014                     _SSPCON	set	20
   236  0063                     _SSPIF	set	99
   237  0088                     _TRISD	set	136
   238  0093                     _SSPADD	set	147
   239  0091                     _SSPCON2	set	145
   240  0094                     _SSPSTAT	set	148
   241  048B                     _RCEN	set	1163
   242  048E                     _ACKSTAT	set	1166
   243  048C                     _ACKEN	set	1164
   244  048D                     _ACKDT	set	1165
   245  0489                     _RSEN	set	1161
   246  048A                     _PEN	set	1162
   247  0488                     _SEN	set	1160
   248  043C                     _TRISC4	set	1084
   249  043B                     _TRISC3	set	1083
   250                           
   251                           	psect	cinit
   252  07FC                     start_initialization:	
   253                           ; #config settings
   254                           
   255  07FC                     __initialization:
   256  07FC                     end_of_initialization:	
   257                           ;End of C runtime variable initialization code
   258                           
   259  07FC                     __end_of__initialization:
   260  07FC  0183               	clrf	3
   261  07FD  120A  118A  2FCC   	ljmp	_main	;jump to C main() function
   262                           
   263                           	psect	cstackCOMMON
   264  0070                     __pcstackCOMMON:
   265  0070                     ?_I2C_WAIT:
   266  0070                     ??_I2C_WAIT:	
   267                           ; 1 bytes @ 0x0
   268                           
   269  0070                     ?_I2C_MASTER_INIT:	
   270                           ; 1 bytes @ 0x0
   271                           
   272  0070                     ??_I2C_MASTER_INIT:	
   273                           ; 1 bytes @ 0x0
   274                           
   275  0070                     ?_I2C_start:	
   276                           ; 1 bytes @ 0x0
   277                           
   278  0070                     ??_I2C_start:	
   279                           ; 1 bytes @ 0x0
   280                           
   281  0070                     ?_I2C_stop:	
   282                           ; 1 bytes @ 0x0
   283                           
   284  0070                     ??_I2C_stop:	
   285                           ; 1 bytes @ 0x0
   286                           
   287  0070                     ?_I2C_NACK:	
   288                           ; 1 bytes @ 0x0
   289                           
   290  0070                     ??_I2C_NACK:	
   291                           ; 1 bytes @ 0x0
   292                           
   293  0070                     ?_I2C_WRITE:	
   294                           ; 1 bytes @ 0x0
   295                           
   296  0070                     ??_I2C_WRITE:	
   297                           ; 1 bytes @ 0x0
   298                           
   299  0070                     ?_I2C_read:	
   300                           ; 1 bytes @ 0x0
   301                           
   302  0070                     ??_I2C_read:	
   303                           ; 1 bytes @ 0x0
   304                           
   305  0070                     ?_main:	
   306                           ; 1 bytes @ 0x0
   307                           
   308  0070                     I2C_WRITE@Data:	
   309                           ; 1 bytes @ 0x0
   310                           
   311                           
   312                           ; 1 bytes @ 0x0
   313  0070                     	ds	1
   314  0071                     I2C_read@Data:
   315                           
   316                           ; 1 bytes @ 0x1
   317  0071                     	ds	1
   318  0072                     ??_main:
   319                           
   320                           ; 1 bytes @ 0x2
   321  0072                     	ds	2
   322                           
   323                           	psect	maintext
   324  07CC                     __pmaintext:	
   325 ;;
   326 ;;Main: autosize = 0, tempsize = 2, incstack = 0, save=0
   327 ;;
   328 ;; *************** function _main *****************
   329 ;; Defined at:
   330 ;;		line 5 in file "D:/courses/PIC/18-I2C-2/MASTER/MASTER.X/main.c"
   331 ;; Parameters:    Size  Location     Type
   332 ;;		None
   333 ;; Auto vars:     Size  Location     Type
   334 ;;		None
   335 ;; Return value:  Size  Location     Type
   336 ;;                  1    wreg      void 
   337 ;; Registers used:
   338 ;;		wreg, status,2, status,0, pclath, cstack
   339 ;; Tracked objects:
   340 ;;		On entry : B00/0
   341 ;;		On exit  : 0/0
   342 ;;		Unchanged: 0/0
   343 ;; Data sizes:     COMMON   BANK0   BANK1   BANK3   BANK2
   344 ;;      Params:         0       0       0       0       0
   345 ;;      Locals:         0       0       0       0       0
   346 ;;      Temps:          2       0       0       0       0
   347 ;;      Totals:         2       0       0       0       0
   348 ;;Total ram usage:        2 bytes
   349 ;; Hardware stack levels required when called: 3
   350 ;; This function calls:
   351 ;;		_I2C_MASTER_INIT
   352 ;;		_I2C_WRITE
   353 ;;		_I2C_read
   354 ;;		_I2C_start
   355 ;;		_I2C_stop
   356 ;; This function is called by:
   357 ;;		Startup code after reset
   358 ;; This function uses a non-reentrant model
   359 ;;
   360                           
   361  07CC                     _main:	
   362                           ;psect for function _main
   363                           
   364  07CC                     l746:	
   365                           ;incstack = 0
   366                           ; Regs used in _main: [wreg+status,2+status,0+pclath+cstack]
   367                           
   368                           
   369                           ;D:/courses/PIC/18-I2C-2/MASTER/MASTER.X/main.c: 7:     TRISD = 0x00;
   370  07CC  1683               	bsf	3,5	;RP0=1, select bank1
   371  07CD  1303               	bcf	3,6	;RP1=0, select bank1
   372  07CE  0188               	clrf	8	;volatile
   373                           
   374                           ;D:/courses/PIC/18-I2C-2/MASTER/MASTER.X/main.c: 8:     PORTD = 0x00;
   375  07CF  1283               	bcf	3,5	;RP0=0, select bank0
   376  07D0  1303               	bcf	3,6	;RP1=0, select bank0
   377  07D1  0188               	clrf	8	;volatile
   378  07D2                     l748:
   379                           
   380                           ;D:/courses/PIC/18-I2C-2/MASTER/MASTER.X/main.c: 9:     I2C_MASTER_INIT();
   381  07D2  120A  118A  2788  120A  118A  	fcall	_I2C_MASTER_INIT
   382  07D7                     l750:
   383                           
   384                           ;D:/courses/PIC/18-I2C-2/MASTER/MASTER.X/main.c: 13:     {;D:/courses/PIC/18-I2C-2/MASTE
      +                          R/MASTER.X/main.c: 14:         I2C_start();
   385  07D7  120A  118A  276C  120A  118A  	fcall	_I2C_start
   386  07DC                     l752:
   387                           
   388                           ;D:/courses/PIC/18-I2C-2/MASTER/MASTER.X/main.c: 15:         I2C_WRITE(0x41);
   389  07DC  3041               	movlw	65
   390  07DD  120A  118A  27A2  120A  118A  	fcall	_I2C_WRITE
   391  07E2                     l754:
   392                           
   393                           ;D:/courses/PIC/18-I2C-2/MASTER/MASTER.X/main.c: 16:         PORTD = I2C_read();
   394  07E2  120A  118A  27B2  120A  118A  	fcall	_I2C_read
   395  07E7  1283               	bcf	3,5	;RP0=0, select bank0
   396  07E8  1303               	bcf	3,6	;RP1=0, select bank0
   397  07E9  0088               	movwf	8	;volatile
   398  07EA                     l756:
   399                           
   400                           ;D:/courses/PIC/18-I2C-2/MASTER/MASTER.X/main.c: 17:         I2C_stop();
   401  07EA  120A  118A  2775  120A  118A  	fcall	_I2C_stop
   402  07EF                     l758:
   403                           
   404                           ;D:/courses/PIC/18-I2C-2/MASTER/MASTER.X/main.c: 18:         _delay((unsigned long)((100
      +                          )*(4000000/4000.0)));
   405  07EF  3082               	movlw	130
   406  07F0  00F3               	movwf	??_main+1
   407  07F1  30DD               	movlw	221
   408  07F2  00F2               	movwf	??_main
   409  07F3                     u47:
   410  07F3  0BF2               	decfsz	??_main,f
   411  07F4  2FF3               	goto	u47
   412  07F5  0BF3               	decfsz	??_main+1,f
   413  07F6  2FF3               	goto	u47
   414  07F7  2FF8               	nop2
   415  07F8  2FD7               	goto	l750
   416  07F9  120A  118A  2800   	ljmp	start
   417  07FC                     __end_of_main:
   418                           
   419                           	psect	text1
   420  0775                     __ptext1:	
   421 ;; *************** function _I2C_stop *****************
   422 ;; Defined at:
   423 ;;		line 29 in file "D:/courses/PIC/18-I2C-2/MASTER/MASTER.X/I2C.c"
   424 ;; Parameters:    Size  Location     Type
   425 ;;		None
   426 ;; Auto vars:     Size  Location     Type
   427 ;;		None
   428 ;; Return value:  Size  Location     Type
   429 ;;                  1    wreg      void 
   430 ;; Registers used:
   431 ;;		wreg, status,2, status,0, pclath, cstack
   432 ;; Tracked objects:
   433 ;;		On entry : 0/0
   434 ;;		On exit  : 0/0
   435 ;;		Unchanged: 0/0
   436 ;; Data sizes:     COMMON   BANK0   BANK1   BANK3   BANK2
   437 ;;      Params:         0       0       0       0       0
   438 ;;      Locals:         0       0       0       0       0
   439 ;;      Temps:          0       0       0       0       0
   440 ;;      Totals:         0       0       0       0       0
   441 ;;Total ram usage:        0 bytes
   442 ;; Hardware stack levels used: 1
   443 ;; Hardware stack levels required when called: 1
   444 ;; This function calls:
   445 ;;		_I2C_WAIT
   446 ;; This function is called by:
   447 ;;		_main
   448 ;; This function uses a non-reentrant model
   449 ;;
   450                           
   451  0775                     _I2C_stop:	
   452                           ;psect for function _I2C_stop
   453                           
   454  0775                     l706:	
   455                           ;incstack = 0
   456                           ; Regs used in _I2C_stop: [wreg+status,2+status,0+pclath+cstack]
   457                           
   458                           
   459                           ;D:/courses/PIC/18-I2C-2/MASTER/MASTER.X/I2C.c: 31:         I2C_WAIT();
   460  0775  120A  118A  2795  120A  118A  	fcall	_I2C_WAIT
   461  077A                     l708:
   462                           
   463                           ;D:/courses/PIC/18-I2C-2/MASTER/MASTER.X/I2C.c: 32:         PEN = 1;
   464  077A  1683               	bsf	3,5	;RP0=1, select bank1
   465  077B  1303               	bcf	3,6	;RP1=0, select bank1
   466  077C  1511               	bsf	17,2	;volatile
   467  077D                     l45:
   468  077D  0008               	return
   469  077E                     __end_of_I2C_stop:
   470                           
   471                           	psect	text2
   472  076C                     __ptext2:	
   473 ;; *************** function _I2C_start *****************
   474 ;; Defined at:
   475 ;;		line 23 in file "D:/courses/PIC/18-I2C-2/MASTER/MASTER.X/I2C.c"
   476 ;; Parameters:    Size  Location     Type
   477 ;;		None
   478 ;; Auto vars:     Size  Location     Type
   479 ;;		None
   480 ;; Return value:  Size  Location     Type
   481 ;;                  1    wreg      void 
   482 ;; Registers used:
   483 ;;		wreg, status,2, status,0, pclath, cstack
   484 ;; Tracked objects:
   485 ;;		On entry : 0/0
   486 ;;		On exit  : 0/0
   487 ;;		Unchanged: 0/0
   488 ;; Data sizes:     COMMON   BANK0   BANK1   BANK3   BANK2
   489 ;;      Params:         0       0       0       0       0
   490 ;;      Locals:         0       0       0       0       0
   491 ;;      Temps:          0       0       0       0       0
   492 ;;      Totals:         0       0       0       0       0
   493 ;;Total ram usage:        0 bytes
   494 ;; Hardware stack levels used: 1
   495 ;; Hardware stack levels required when called: 1
   496 ;; This function calls:
   497 ;;		_I2C_WAIT
   498 ;; This function is called by:
   499 ;;		_main
   500 ;; This function uses a non-reentrant model
   501 ;;
   502                           
   503  076C                     _I2C_start:	
   504                           ;psect for function _I2C_start
   505                           
   506  076C                     l702:	
   507                           ;incstack = 0
   508                           ; Regs used in _I2C_start: [wreg+status,2+status,0+pclath+cstack]
   509                           
   510                           
   511                           ;D:/courses/PIC/18-I2C-2/MASTER/MASTER.X/I2C.c: 25:         I2C_WAIT();
   512  076C  120A  118A  2795  120A  118A  	fcall	_I2C_WAIT
   513  0771                     l704:
   514                           
   515                           ;D:/courses/PIC/18-I2C-2/MASTER/MASTER.X/I2C.c: 26:         SEN = 1;
   516  0771  1683               	bsf	3,5	;RP0=1, select bank1
   517  0772  1303               	bcf	3,6	;RP1=0, select bank1
   518  0773  1411               	bsf	17,0	;volatile
   519  0774                     l42:
   520  0774  0008               	return
   521  0775                     __end_of_I2C_start:
   522                           
   523                           	psect	text3
   524  07B2                     __ptext3:	
   525 ;; *************** function _I2C_read *****************
   526 ;; Defined at:
   527 ;;		line 71 in file "D:/courses/PIC/18-I2C-2/MASTER/MASTER.X/I2C.c"
   528 ;; Parameters:    Size  Location     Type
   529 ;;		None
   530 ;; Auto vars:     Size  Location     Type
   531 ;;  Data            1    1[COMMON] unsigned char 
   532 ;; Return value:  Size  Location     Type
   533 ;;                  1    wreg      unsigned char 
   534 ;; Registers used:
   535 ;;		wreg, status,2, status,0, pclath, cstack
   536 ;; Tracked objects:
   537 ;;		On entry : 0/0
   538 ;;		On exit  : 0/0
   539 ;;		Unchanged: 0/0
   540 ;; Data sizes:     COMMON   BANK0   BANK1   BANK3   BANK2
   541 ;;      Params:         0       0       0       0       0
   542 ;;      Locals:         1       0       0       0       0
   543 ;;      Temps:          1       0       0       0       0
   544 ;;      Totals:         2       0       0       0       0
   545 ;;Total ram usage:        2 bytes
   546 ;; Hardware stack levels used: 1
   547 ;; Hardware stack levels required when called: 2
   548 ;; This function calls:
   549 ;;		_I2C_NACK
   550 ;;		_I2C_WAIT
   551 ;; This function is called by:
   552 ;;		_main
   553 ;; This function uses a non-reentrant model
   554 ;;
   555                           
   556  07B2                     _I2C_read:	
   557                           ;psect for function _I2C_read
   558                           
   559  07B2                     l720:	
   560                           ;incstack = 0
   561                           ; Regs used in _I2C_read: [wreg+status,2+status,0+pclath+cstack]
   562                           
   563                           
   564                           ;D:/courses/PIC/18-I2C-2/MASTER/MASTER.X/I2C.c: 73:         unsigned char Data;;D:/cours
      +                          es/PIC/18-I2C-2/MASTER/MASTER.X/I2C.c: 74:         I2C_WAIT();
   565  07B2  120A  118A  2795  120A  118A  	fcall	_I2C_WAIT
   566  07B7                     l722:
   567                           
   568                           ;D:/courses/PIC/18-I2C-2/MASTER/MASTER.X/I2C.c: 75:         RCEN = 1;
   569  07B7  1683               	bsf	3,5	;RP0=1, select bank1
   570  07B8  1303               	bcf	3,6	;RP1=0, select bank1
   571  07B9  1591               	bsf	17,3	;volatile
   572                           
   573                           ;D:/courses/PIC/18-I2C-2/MASTER/MASTER.X/I2C.c: 76:         I2C_WAIT();
   574  07BA  120A  118A  2795  120A  118A  	fcall	_I2C_WAIT
   575  07BF                     l724:
   576                           
   577                           ;D:/courses/PIC/18-I2C-2/MASTER/MASTER.X/I2C.c: 77:         Data = SSPBUF;
   578  07BF  1283               	bcf	3,5	;RP0=0, select bank0
   579  07C0  1303               	bcf	3,6	;RP1=0, select bank0
   580  07C1  0813               	movf	19,w	;volatile
   581  07C2  00F0               	movwf	??_I2C_read
   582  07C3  0870               	movf	??_I2C_read,w
   583  07C4  00F1               	movwf	I2C_read@Data
   584  07C5                     l726:
   585                           
   586                           ;D:/courses/PIC/18-I2C-2/MASTER/MASTER.X/I2C.c: 78:         I2C_NACK();
   587  07C5  120A  118A  277E  120A  118A  	fcall	_I2C_NACK
   588                           
   589                           ;D:/courses/PIC/18-I2C-2/MASTER/MASTER.X/I2C.c: 79:         return Data;
   590  07CA  0871               	movf	I2C_read@Data,w
   591  07CB                     l66:
   592  07CB  0008               	return
   593  07CC                     __end_of_I2C_read:
   594                           
   595                           	psect	text4
   596  077E                     __ptext4:	
   597 ;; *************** function _I2C_NACK *****************
   598 ;; Defined at:
   599 ;;		line 48 in file "D:/courses/PIC/18-I2C-2/MASTER/MASTER.X/I2C.c"
   600 ;; Parameters:    Size  Location     Type
   601 ;;		None
   602 ;; Auto vars:     Size  Location     Type
   603 ;;		None
   604 ;; Return value:  Size  Location     Type
   605 ;;                  1    wreg      void 
   606 ;; Registers used:
   607 ;;		wreg, status,2, status,0, pclath, cstack
   608 ;; Tracked objects:
   609 ;;		On entry : 0/0
   610 ;;		On exit  : 0/0
   611 ;;		Unchanged: 0/0
   612 ;; Data sizes:     COMMON   BANK0   BANK1   BANK3   BANK2
   613 ;;      Params:         0       0       0       0       0
   614 ;;      Locals:         0       0       0       0       0
   615 ;;      Temps:          0       0       0       0       0
   616 ;;      Totals:         0       0       0       0       0
   617 ;;Total ram usage:        0 bytes
   618 ;; Hardware stack levels used: 1
   619 ;; Hardware stack levels required when called: 1
   620 ;; This function calls:
   621 ;;		_I2C_WAIT
   622 ;; This function is called by:
   623 ;;		_I2C_read
   624 ;; This function uses a non-reentrant model
   625 ;;
   626                           
   627  077E                     _I2C_NACK:	
   628                           ;psect for function _I2C_NACK
   629                           
   630  077E                     l686:	
   631                           ;incstack = 0
   632                           ; Regs used in _I2C_NACK: [wreg+status,2+status,0+pclath+cstack]
   633                           
   634                           
   635                           ;D:/courses/PIC/18-I2C-2/MASTER/MASTER.X/I2C.c: 50:         I2C_WAIT();
   636  077E  120A  118A  2795  120A  118A  	fcall	_I2C_WAIT
   637  0783                     l688:
   638                           
   639                           ;D:/courses/PIC/18-I2C-2/MASTER/MASTER.X/I2C.c: 51:         ACKDT = 1;
   640  0783  1683               	bsf	3,5	;RP0=1, select bank1
   641  0784  1303               	bcf	3,6	;RP1=0, select bank1
   642  0785  1691               	bsf	17,5	;volatile
   643  0786                     l690:
   644                           
   645                           ;D:/courses/PIC/18-I2C-2/MASTER/MASTER.X/I2C.c: 52:         ACKEN = 1;
   646  0786  1611               	bsf	17,4	;volatile
   647  0787                     l54:
   648  0787  0008               	return
   649  0788                     __end_of_I2C_NACK:
   650                           
   651                           	psect	text5
   652  07A2                     __ptext5:	
   653 ;; *************** function _I2C_WRITE *****************
   654 ;; Defined at:
   655 ;;		line 55 in file "D:/courses/PIC/18-I2C-2/MASTER/MASTER.X/I2C.c"
   656 ;; Parameters:    Size  Location     Type
   657 ;;  Data            1    wreg     unsigned char 
   658 ;; Auto vars:     Size  Location     Type
   659 ;;  Data            1    0[COMMON] unsigned char 
   660 ;; Return value:  Size  Location     Type
   661 ;;                  1    wreg      unsigned char 
   662 ;; Registers used:
   663 ;;		wreg, status,2, status,0, pclath, cstack
   664 ;; Tracked objects:
   665 ;;		On entry : 0/0
   666 ;;		On exit  : 0/0
   667 ;;		Unchanged: 0/0
   668 ;; Data sizes:     COMMON   BANK0   BANK1   BANK3   BANK2
   669 ;;      Params:         0       0       0       0       0
   670 ;;      Locals:         1       0       0       0       0
   671 ;;      Temps:          0       0       0       0       0
   672 ;;      Totals:         1       0       0       0       0
   673 ;;Total ram usage:        1 bytes
   674 ;; Hardware stack levels used: 1
   675 ;; Hardware stack levels required when called: 1
   676 ;; This function calls:
   677 ;;		_I2C_WAIT
   678 ;; This function is called by:
   679 ;;		_main
   680 ;; This function uses a non-reentrant model
   681 ;;
   682                           
   683  07A2                     _I2C_WRITE:	
   684                           ;psect for function _I2C_WRITE
   685                           
   686                           
   687                           ;incstack = 0
   688                           ; Regs used in _I2C_WRITE: [wreg+status,2+status,0+pclath+cstack]
   689                           ;I2C_WRITE@Data stored from wreg
   690  07A2  00F0               	movwf	I2C_WRITE@Data
   691  07A3                     l710:
   692                           
   693                           ;D:/courses/PIC/18-I2C-2/MASTER/MASTER.X/I2C.c: 55:     unsigned char I2C_WRITE(unsigned
      +                           char Data);D:/courses/PIC/18-I2C-2/MASTER/MASTER.X/I2C.c: 56:     {;D:/courses/PIC/18-I
      +                          2C-2/MASTER/MASTER.X/I2C.c: 57:         I2C_WAIT();
   694  07A3  120A  118A  2795  120A  118A  	fcall	_I2C_WAIT
   695  07A8                     l712:
   696                           
   697                           ;D:/courses/PIC/18-I2C-2/MASTER/MASTER.X/I2C.c: 58:         SSPBUF = Data;
   698  07A8  0870               	movf	I2C_WRITE@Data,w
   699  07A9  1283               	bcf	3,5	;RP0=0, select bank0
   700  07AA  1303               	bcf	3,6	;RP1=0, select bank0
   701  07AB  0093               	movwf	19	;volatile
   702  07AC                     l714:
   703                           
   704                           ;D:/courses/PIC/18-I2C-2/MASTER/MASTER.X/I2C.c: 59:         I2C_WAIT();
   705  07AC  120A  118A  2795  120A  118A  	fcall	_I2C_WAIT
   706  07B1                     l716:
   707  07B1                     l57:	
   708                           ;D:/courses/PIC/18-I2C-2/MASTER/MASTER.X/I2C.c: 60:         return ACKSTAT;;	Return valu
      +                          e of _I2C_WRITE is never used
   709                           
   710  07B1  0008               	return
   711  07B2                     __end_of_I2C_WRITE:
   712                           
   713                           	psect	text6
   714  0795                     __ptext6:	
   715 ;; *************** function _I2C_WAIT *****************
   716 ;; Defined at:
   717 ;;		line 6 in file "D:/courses/PIC/18-I2C-2/MASTER/MASTER.X/I2C.c"
   718 ;; Parameters:    Size  Location     Type
   719 ;;		None
   720 ;; Auto vars:     Size  Location     Type
   721 ;;		None
   722 ;; Return value:  Size  Location     Type
   723 ;;                  1    wreg      void 
   724 ;; Registers used:
   725 ;;		wreg, status,2
   726 ;; Tracked objects:
   727 ;;		On entry : 0/0
   728 ;;		On exit  : 0/0
   729 ;;		Unchanged: 0/0
   730 ;; Data sizes:     COMMON   BANK0   BANK1   BANK3   BANK2
   731 ;;      Params:         0       0       0       0       0
   732 ;;      Locals:         0       0       0       0       0
   733 ;;      Temps:          0       0       0       0       0
   734 ;;      Totals:         0       0       0       0       0
   735 ;;Total ram usage:        0 bytes
   736 ;; Hardware stack levels used: 1
   737 ;; This function calls:
   738 ;;		Nothing
   739 ;; This function is called by:
   740 ;;		_I2C_start
   741 ;;		_I2C_stop
   742 ;;		_I2C_NACK
   743 ;;		_I2C_WRITE
   744 ;;		_I2C_read
   745 ;;		_I2C_RESTART
   746 ;;		_I2C_ACK
   747 ;; This function uses a non-reentrant model
   748 ;;
   749                           
   750  0795                     _I2C_WAIT:	
   751                           ;psect for function _I2C_WAIT
   752                           
   753  0795                     l682:	
   754                           ;incstack = 0
   755                           ; Regs used in _I2C_WAIT: [wreg+status,2]
   756                           
   757  0795                     l33:	
   758                           ;D:/courses/PIC/18-I2C-2/MASTER/MASTER.X/I2C.c: 8:     while ((SSPSTAT & 0x04) || (SSPCO
      +                          N2 & 0x1F));
   759                           
   760  0795  1683               	bsf	3,5	;RP0=1, select bank1
   761  0796  1303               	bcf	3,6	;RP1=0, select bank1
   762  0797  1914               	btfsc	20,2	;volatile
   763  0798  2F9A               	goto	u11
   764  0799  2F9B               	goto	u10
   765  079A                     u11:
   766  079A  2F95               	goto	l33
   767  079B                     u10:
   768  079B                     l684:
   769  079B  0811               	movf	17,w	;volatile
   770  079C  391F               	andlw	31
   771  079D  1D03               	btfss	3,2
   772  079E  2FA0               	goto	u21
   773  079F  2FA1               	goto	u20
   774  07A0                     u21:
   775  07A0  2F95               	goto	l33
   776  07A1                     u20:
   777  07A1                     l36:
   778  07A1  0008               	return
   779  07A2                     __end_of_I2C_WAIT:
   780                           
   781                           	psect	text7
   782  0788                     __ptext7:	
   783 ;; *************** function _I2C_MASTER_INIT *****************
   784 ;; Defined at:
   785 ;;		line 13 in file "D:/courses/PIC/18-I2C-2/MASTER/MASTER.X/I2C.c"
   786 ;; Parameters:    Size  Location     Type
   787 ;;		None
   788 ;; Auto vars:     Size  Location     Type
   789 ;;		None
   790 ;; Return value:  Size  Location     Type
   791 ;;                  1    wreg      void 
   792 ;; Registers used:
   793 ;;		wreg, status,2
   794 ;; Tracked objects:
   795 ;;		On entry : 0/0
   796 ;;		On exit  : 0/0
   797 ;;		Unchanged: 0/0
   798 ;; Data sizes:     COMMON   BANK0   BANK1   BANK3   BANK2
   799 ;;      Params:         0       0       0       0       0
   800 ;;      Locals:         0       0       0       0       0
   801 ;;      Temps:          0       0       0       0       0
   802 ;;      Totals:         0       0       0       0       0
   803 ;;Total ram usage:        0 bytes
   804 ;; Hardware stack levels used: 1
   805 ;; This function calls:
   806 ;;		Nothing
   807 ;; This function is called by:
   808 ;;		_main
   809 ;; This function uses a non-reentrant model
   810 ;;
   811                           
   812  0788                     _I2C_MASTER_INIT:	
   813                           ;psect for function _I2C_MASTER_INIT
   814                           
   815  0788                     l692:	
   816                           ;incstack = 0
   817                           ; Regs used in _I2C_MASTER_INIT: [wreg+status,2]
   818                           
   819                           
   820                           ;D:/courses/PIC/18-I2C-2/MASTER/MASTER.X/I2C.c: 15:         SSPCON = 0x28;
   821  0788  3028               	movlw	40
   822  0789  1283               	bcf	3,5	;RP0=0, select bank0
   823  078A  1303               	bcf	3,6	;RP1=0, select bank0
   824  078B  0094               	movwf	20	;volatile
   825  078C                     l694:
   826                           
   827                           ;D:/courses/PIC/18-I2C-2/MASTER/MASTER.X/I2C.c: 16:         SSPCON2 = 0x00;
   828  078C  1683               	bsf	3,5	;RP0=1, select bank1
   829  078D  1303               	bcf	3,6	;RP1=0, select bank1
   830  078E  0191               	clrf	17	;volatile
   831  078F                     l696:
   832                           
   833                           ;D:/courses/PIC/18-I2C-2/MASTER/MASTER.X/I2C.c: 17:         SSPSTAT = 0x00;
   834  078F  0194               	clrf	20	;volatile
   835                           
   836                           ;D:/courses/PIC/18-I2C-2/MASTER/MASTER.X/I2C.c: 18:         SSPADD = ((4000000/4) / 1000
      +                          00) - 1;
   837  0790  3009               	movlw	9
   838  0791  0093               	movwf	19	;volatile
   839  0792                     l698:
   840                           
   841                           ;D:/courses/PIC/18-I2C-2/MASTER/MASTER.X/I2C.c: 19:         TRISC3 = 1;
   842  0792  1587               	bsf	7,3	;volatile
   843  0793                     l700:
   844                           
   845                           ;D:/courses/PIC/18-I2C-2/MASTER/MASTER.X/I2C.c: 20:         TRISC4 = 1;
   846  0793  1607               	bsf	7,4	;volatile
   847  0794                     l39:
   848  0794  0008               	return
   849  0795                     __end_of_I2C_MASTER_INIT:
   850  007E                     btemp	set	126	;btemp
   851  007E                     wtemp0	set	126
   852                           
   853                           	psect	idloc
   854                           
   855                           ;Config register IDLOC0 @ 0x2000
   856                           ;	unspecified, using default values
   857  2000                     	org	8192
   858  2000  3FFF               	dw	16383
   859                           
   860                           ;Config register IDLOC1 @ 0x2001
   861                           ;	unspecified, using default values
   862  2001                     	org	8193
   863  2001  3FFF               	dw	16383
   864                           
   865                           ;Config register IDLOC2 @ 0x2002
   866                           ;	unspecified, using default values
   867  2002                     	org	8194
   868  2002  3FFF               	dw	16383
   869                           
   870                           ;Config register IDLOC3 @ 0x2003
   871                           ;	unspecified, using default values
   872  2003                     	org	8195
   873  2003  3FFF               	dw	16383
   874                           
   875                           	psect	config
   876                           
   877                           ;Config register CONFIG @ 0x2007
   878                           ;	Oscillator Selection bits
   879                           ;	FOSC = XT, XT oscillator
   880                           ;	Watchdog Timer Enable bit
   881                           ;	WDTE = OFF, WDT disabled
   882                           ;	Power-up Timer Enable bit
   883                           ;	PWRTE = ON, PWRT enabled
   884                           ;	Brown-out Reset Enable bit
   885                           ;	BOREN = ON, BOR enabled
   886                           ;	Low-Voltage (Single-Supply) In-Circuit Serial Programming Enable bit
   887                           ;	LVP = OFF, RB3 is digital I/O, HV on MCLR must be used for programming
   888                           ;	Data EEPROM Memory Code Protection bit
   889                           ;	CPD = OFF, Data EEPROM code protection off
   890                           ;	Flash Program Memory Write Enable bits
   891                           ;	WRT = OFF, Write protection off; all program memory may be written to by EECON control
   892                           ;	In-Circuit Debugger Mode bit
   893                           ;	DEBUG = 0x1, unprogrammed default
   894                           ;	Flash Program Memory Code Protection bit
   895                           ;	CP = OFF, Code protection off
   896  2007                     	org	8199
   897  2007  3F71               	dw	16241

Data Sizes:
    Strings     0
    Constant    0
    Data        0
    BSS         0
    Persistent  0
    Stack       0

Auto Spaces:
    Space          Size  Autos    Used
    COMMON           14      4       4
    BANK0            80      0       0
    BANK1            80      0       0
    BANK3            96      0       0
    BANK2            96      0       0

Pointer List with Targets:

    None.

Critical Paths under _main in COMMON

    _main->_I2C_read

Critical Paths under _main in BANK0

    None.

Critical Paths under _main in BANK1

    None.

Critical Paths under _main in BANK3

    None.

Critical Paths under _main in BANK2

    None.

Call Graph Tables:

 ---------------------------------------------------------------------------------
 (Depth) Function   	        Calls       Base Space   Used Autos Params    Refs
 ---------------------------------------------------------------------------------
 (0) _main                                                 2     2      0      30
                                              2 COMMON     2     2      0
                    _I2C_MASTER_INIT
                          _I2C_WRITE
                           _I2C_read
                          _I2C_start
                           _I2C_stop
 ---------------------------------------------------------------------------------
 (1) _I2C_stop                                             0     0      0       0
                           _I2C_WAIT
 ---------------------------------------------------------------------------------
 (1) _I2C_start                                            0     0      0       0
                           _I2C_WAIT
 ---------------------------------------------------------------------------------
 (1) _I2C_read                                             2     2      0      15
                                              0 COMMON     2     2      0
                           _I2C_NACK
                           _I2C_WAIT
 ---------------------------------------------------------------------------------
 (2) _I2C_NACK                                             0     0      0       0
                           _I2C_WAIT
 ---------------------------------------------------------------------------------
 (1) _I2C_WRITE                                            1     1      0      15
                                              0 COMMON     1     1      0
                           _I2C_WAIT
 ---------------------------------------------------------------------------------
 (2) _I2C_WAIT                                             0     0      0       0
 ---------------------------------------------------------------------------------
 (1) _I2C_MASTER_INIT                                      0     0      0       0
 ---------------------------------------------------------------------------------
 Estimated maximum stack depth 2
 ---------------------------------------------------------------------------------

 Call Graph Graphs:

 _main (ROOT)
   _I2C_MASTER_INIT
   _I2C_WRITE
     _I2C_WAIT
   _I2C_read
     _I2C_NACK
       _I2C_WAIT
     _I2C_WAIT
   _I2C_start
     _I2C_WAIT
   _I2C_stop
     _I2C_WAIT

 Address spaces:
Name               Size   Autos  Total    Cost      Usage
BITCOMMON            E      0       0       0        0.0%
EEDATA             100      0       0       0        0.0%
NULL                 0      0       0       0        0.0%
CODE                 0      0       0       0        0.0%
COMMON               E      4       4       1       28.6%
BITSFR0              0      0       0       1        0.0%
SFR0                 0      0       0       1        0.0%
BITSFR1              0      0       0       2        0.0%
SFR1                 0      0       0       2        0.0%
STACK                0      0       0       2        0.0%
ABS                  0      0       0       3        0.0%
BITBANK0            50      0       0       4        0.0%
BITSFR3              0      0       0       4        0.0%
SFR3                 0      0       0       4        0.0%
BANK0               50      0       0       5        0.0%
BITSFR2              0      0       0       5        0.0%
SFR2                 0      0       0       5        0.0%
BITBANK1            50      0       0       6        0.0%
BANK1               50      0       0       7        0.0%
BITBANK3            60      0       0       8        0.0%
BANK3               60      0       0       9        0.0%
BITBANK2            60      0       0      10        0.0%
BANK2               60      0       0      11        0.0%
DATA                 0      0       0      12        0.0%


Microchip Technology PIC Macro Assembler V2.36 build 20220127204148 
Symbol Table                                                                                   Sun Aug 28 00:34:20 2022

                     l33 0795                       l42 0774                       l36 07A1  
                     l45 077D                       l54 0787                       l39 0794  
                     l57 07B1                       l66 07CB                       u10 079B  
                     u11 079A                       u20 07A1                       u21 07A0  
                     u47 07F3                      l700 0793                      l710 07A3  
                    l702 076C                      l712 07A8                      l720 07B2  
                    l704 0771                      l714 07AC                      l722 07B7  
                    l706 0775                      l716 07B1                      l724 07BF  
                    l708 077A                      l726 07C5                      l750 07D7  
                    l752 07DC                      l682 0795                      l690 0786  
                    l754 07E2                      l746 07CC                      l692 0788  
                    l684 079B                      l756 07EA                      l748 07D2  
                    l694 078C                      l686 077E                      l758 07EF  
                    l696 078F                      l688 0783                      l698 0792  
                    _PEN 048A                      _SEN 0488                     _RCEN 048B  
                   _RSEN 0489         __end_of_I2C_NACK 0788         __end_of_I2C_WAIT 07A2  
                   _main 07CC                     btemp 007E        ??_I2C_MASTER_INIT 0070  
       __end_of_I2C_read 07CC                     start 0000         __end_of_I2C_stop 077E  
                  ?_main 0070                    _ACKEN 048C                    _ACKDT 048D  
                  _PORTD 0008                    _TRISD 0088                    _SSPIF 0063  
      __end_of_I2C_WRITE 07B2                    status 0003        __end_of_I2C_start 0775  
                  wtemp0 007E          __initialization 07FC             __end_of_main 07FC  
                 ??_main 0072                   _SSPADD 0093                   _TRISC3 043B  
                 _TRISC4 043C                   _SSPCON 0014                   _SSPBUF 0013  
              ?_I2C_NACK 0070                ?_I2C_WAIT 0070                ?_I2C_read 0070  
              ?_I2C_stop 0070  __end_of__initialization 07FC           __pcstackCOMMON 0070  
             ??_I2C_NACK 0070               ??_I2C_WAIT 0070               ??_I2C_read 0070  
        _I2C_MASTER_INIT 0788               ??_I2C_stop 0070               __pmaintext 07CC  
                _ACKSTAT 048E                  _SSPCON2 0091                  _SSPSTAT 0094  
              _I2C_WRITE 07A2                _I2C_start 076C  __end_of_I2C_MASTER_INIT 0795  
                __ptext1 0775                  __ptext2 076C                  __ptext3 07B2  
                __ptext4 077E                  __ptext5 07A2                  __ptext6 0795  
                __ptext7 0788     end_of_initialization 07FC               ?_I2C_WRITE 0070  
           I2C_read@Data 0071               ?_I2C_start 0070            I2C_WRITE@Data 0070  
       ?_I2C_MASTER_INIT 0070      start_initialization 07FC              ??_I2C_WRITE 0070  
            ??_I2C_start 0070                ___latbits 0002                 _I2C_NACK 077E  
               _I2C_WAIT 0795                 _I2C_read 07B2                 _I2C_stop 0775  
